Unity Editor version:    2020.3.19f1 (68f137dc9bbe)
Branch:                  2020.3/staging
Build type:              Release
Batch mode:              YES
macOS version:           Version 11.6 (Build 20G165)
Darwin version:          20.6.0
Architecture:            x86_64
Running under Rosetta:   YES
Available memory:        8192 MB
Using pre-set license
Pro License: NO

COMMAND LINE ARGUMENTS:
/Applications/2020.3.19f1/Unity.app/Contents/MacOS/Unity
-adb2
-batchMode
-noUpm
-name
AssetImportWorker0
-projectPath
/Users/tek/_/repos/_Learning/Freya-Holmer/Intro to Shader Coding in Unity - An Improvised Live Course
-logFile
Logs/AssetImportWorker0.log
-srvPort
49743
Successfully changed project path to: /Users/tek/_/repos/_Learning/Freya-Holmer/Intro to Shader Coding in Unity - An Improvised Live Course
/Users/tek/_/repos/_Learning/Freya-Holmer/Intro to Shader Coding in Unity - An Improvised Live Course
Using Asset Import Pipeline V2.
Refreshing native plugins compatible for Editor in 26.40 ms, found 2 plugins.
Preloading 0 native plugins for Editor in 0.00 ms.
Initialize engine version: 2020.3.19f1 (68f137dc9bbe)
[Subsystems] Discovering subsystems at path /Applications/2020.3.19f1/Unity.app/Contents/Resources/UnitySubsystems
[Subsystems] Discovering subsystems at path /Users/tek/_/repos/_Learning/Freya-Holmer/Intro to Shader Coding in Unity - An Improvised Live Course/Assets
GfxDevice: creating device client; threaded=0
2021-10-02 00:52:25.805 Unity[1658:28179] (null) preferred device: Apple M1 (high power)
2021-10-02 00:52:25.805 Unity[1658:28179] Metal devices available: 1
2021-10-02 00:52:25.805 Unity[1658:28179] 0: Apple M1 (high power)
2021-10-02 00:52:25.806 Unity[1658:28179] Using device Apple M1 (high power)
Initializing Metal device caps: Apple M1
Initialize mono
Mono path[0] = '/Applications/2020.3.19f1/Unity.app/Contents/Managed'
Mono path[1] = '/Applications/2020.3.19f1/Unity.app/Contents/MonoBleedingEdge/lib/mono/unityjit'
Mono config path = '/Applications/2020.3.19f1/Unity.app/Contents/MonoBleedingEdge/etc'
Using monoOptions --debugger-agent=transport=dt_socket,embedding=1,server=y,suspend=n,address=127.0.0.1:56658
Begin MonoManager ReloadAssembly
Registering precompiled unity dll's ...
Register platform support module: /Applications/2020.3.19f1/Unity.app/Contents/PlaybackEngines/MacStandaloneSupport/UnityEditor.OSXStandalone.Extensions.dll
Registered in 0.001437 seconds.
Native extension for OSXStandalone target not found
Refreshing native plugins compatible for Editor in 25.67 ms, found 2 plugins.
Preloading 0 native plugins for Editor in 0.00 ms.
Mono: successfully reloaded assembly
- Completed reload, in  1.747 seconds
Domain Reload Profiling:
	ReloadAssembly (1748ms)
		BeginReloadAssembly (87ms)
			ExecutionOrderSort (0ms)
			DisableScriptedObjects (0ms)
			BackupInstance (0ms)
			ReleaseScriptingObjects (0ms)
			CreateAndSetChildDomain (3ms)
		EndReloadAssembly (903ms)
			LoadAssemblies (84ms)
			RebuildTransferFunctionScriptingTraits (0ms)
			SetupTypeCache (181ms)
			ReleaseScriptCaches (0ms)
			RebuildScriptCaches (45ms)
			SetupLoadedEditorAssemblies (515ms)
				LogAssemblyErrors (0ms)
				InitializePlatformSupportModulesInManaged (10ms)
				SetLoadedEditorAssemblies (0ms)
				RefreshPlugins (26ms)
				BeforeProcessingInitializeOnLoad (30ms)
				ProcessInitializeOnLoadAttributes (336ms)
				ProcessInitializeOnLoadMethodAttributes (113ms)
				AfterProcessingInitializeOnLoad (0ms)
				EditorAssembliesLoaded (1ms)
			ExecutionOrderSort2 (0ms)
			AwakeInstancesAfterBackupRestoration (0ms)
Platform modules already initialized, skipping
Registering precompiled user dll's ...
Registered in 0.003114 seconds.
Begin MonoManager ReloadAssembly
Native extension for OSXStandalone target not found
Refreshing native plugins compatible for Editor in 0.25 ms, found 2 plugins.
Preloading 0 native plugins for Editor in 0.00 ms.
Mono: successfully reloaded assembly
- Completed reload, in  2.301 seconds
Domain Reload Profiling:
	ReloadAssembly (2303ms)
		BeginReloadAssembly (271ms)
			ExecutionOrderSort (0ms)
			DisableScriptedObjects (36ms)
			BackupInstance (0ms)
			ReleaseScriptingObjects (0ms)
			CreateAndSetChildDomain (39ms)
		EndReloadAssembly (1931ms)
			LoadAssemblies (188ms)
			RebuildTransferFunctionScriptingTraits (0ms)
			SetupTypeCache (304ms)
			ReleaseScriptCaches (0ms)
			RebuildScriptCaches (52ms)
			SetupLoadedEditorAssemblies (1127ms)
				LogAssemblyErrors (0ms)
				InitializePlatformSupportModulesInManaged (15ms)
				SetLoadedEditorAssemblies (1ms)
				RefreshPlugins (0ms)
				BeforeProcessingInitializeOnLoad (190ms)
				ProcessInitializeOnLoadAttributes (905ms)
				ProcessInitializeOnLoadMethodAttributes (15ms)
				AfterProcessingInitializeOnLoad (1ms)
				EditorAssembliesLoaded (0ms)
			ExecutionOrderSort2 (0ms)
			AwakeInstancesAfterBackupRestoration (32ms)
Platform modules already initialized, skipping
Validating Project structure ... 0.000096 seconds.
Shader import version has changed; will reimport all shaders...
Upgrading shader files ...0.000309 seconds.
Application.AssetDatabase Initial Script Refresh Start
RefreshInfo: InitialScriptRefreshV2(NoUpdateAssetOptions) scanfilter:  ... 1 filters
RefreshProfiler: Total: 0.000ms
Application.AssetDatabase Initial Script Refresh End
Application.AssetDatabase.Refresh Start
Application.AssetDatabase.Refresh End
RefreshInfo: StopAssetImportingV2(ForceSynchronousImport) scanfilter: 
RefreshProfiler: Total: 0.000ms
Launching external process: /Applications/2020.3.19f1/Unity.app/Contents/Tools/UnityShaderCompiler
Launched and connected shader compiler UnityShaderCompiler after 0.03 seconds
Initializing Unity extensions:
========================================================================
Worker process is ready to serve import requests
Refreshing native plugins compatible for Editor in 0.23 ms, found 2 plugins.
Preloading 0 native plugins for Editor in 0.00 ms.
Unloading 1399 Unused Serialized files (Serialized files now loaded: 0)
System memory in use before: 156.5 MB.
System memory in use after: 155.7 MB.

Unloading 77 unused Assets to reduce memory usage. Loaded Objects now: 1873.
Total: 2.476875 ms (FindLiveObjects: 0.114250 ms CreateObjectMapping: 0.028708 ms MarkObjects: 1.923334 ms  DeleteObjects: 0.409583 ms)

AssetImportParameters requested are different than current active one (requested -> active):
  custom:video-decoder-ogg-theora: a1e56fd34408186e4bbccfd4996cb3dc -> 
  custom:container-muxer-webm: aa71ff27fc2769a1b78a27578f13a17b -> 
  custom:container-demuxer-webm: 4f35f7cbe854078d1ac9338744f61a02 -> 
  custom:container-demuxer-ogg: 62fdf1f143b41e24485cea50d1cbac27 -> 
  custom:video-encoder-webm-vp8: eb34c28f22e8b96e1ab97ce403110664 -> 
  custom:framework-osx-AVFoundation: e770b220cccbd017edd2c1fefb359320 -> 
  custom:video-decoder-webm-vp8: 9c59270c3fd7afecdb556c50c9e8de78 -> 
  custom:audio-decoder-ogg-vorbis: bf7c407c2cedff20999df2af8eb42d56 -> 
  custom:audio-encoder-webm-vorbis: bf7c407c2cedff20999df2af8eb42d56 -> 
========================================================================
Received Import Request.
  path: Assets/SimpleShader.shader
  artifactKey: Guid(f4a5f813cdb64424e900fdf9d493deea) Importer(815301076,1909f56bfc062723c751e8b465ee728b)
Start importing Assets/SimpleShader.shader using Guid(f4a5f813cdb64424e900fdf9d493deea) Importer(815301076,1909f56bfc062723c751e8b465ee728b)  -> (artifact id: '649bb4550d33fdaac79066325731aac5') in 0.647675 seconds 
  Import took 0.650237 seconds .

========================================================================
Received Import Request.
  Time since last request: 198.454346 seconds.
  path: Assets/SimpleShader.shader
  artifactKey: Guid(f4a5f813cdb64424e900fdf9d493deea) Importer(815301076,1909f56bfc062723c751e8b465ee728b)
Start importing Assets/SimpleShader.shader using Guid(f4a5f813cdb64424e900fdf9d493deea) Importer(815301076,1909f56bfc062723c751e8b465ee728b)  -> (artifact id: 'ac23221584c678e8e894ac66526de15e') in 0.007959 seconds 
  Import took 0.010527 seconds .

========================================================================
Received Import Request.
  Time since last request: 24.305609 seconds.
  path: Assets/SimpleShader.shader
  artifactKey: Guid(f4a5f813cdb64424e900fdf9d493deea) Importer(815301076,1909f56bfc062723c751e8b465ee728b)
Start importing Assets/SimpleShader.shader using Guid(f4a5f813cdb64424e900fdf9d493deea) Importer(815301076,1909f56bfc062723c751e8b465ee728b)  -> (artifact id: '5a5f10328735b828c6fe325f4375281e') in 0.002798 seconds 
  Import took 0.006107 seconds .

========================================================================
Received Import Request.
  Time since last request: 1920.689330 seconds.
  path: Assets/SimpleShader.shader
  artifactKey: Guid(f4a5f813cdb64424e900fdf9d493deea) Importer(815301076,1909f56bfc062723c751e8b465ee728b)
Start importing Assets/SimpleShader.shader using Guid(f4a5f813cdb64424e900fdf9d493deea) Importer(815301076,1909f56bfc062723c751e8b465ee728b)  -> (artifact id: 'd3b1108de1435f834e5f87573b845e6a') in 0.006527 seconds 
  Import took 0.015331 seconds .

========================================================================
Received Import Request.
  Time since last request: 231.073797 seconds.
  path: Assets/SimpleShader.shader
  artifactKey: Guid(f4a5f813cdb64424e900fdf9d493deea) Importer(815301076,1909f56bfc062723c751e8b465ee728b)
Start importing Assets/SimpleShader.shader using Guid(f4a5f813cdb64424e900fdf9d493deea) Importer(815301076,1909f56bfc062723c751e8b465ee728b)  -> (artifact id: 'd8e48988bfad81695a0acfc26b25cf98') in 0.002197 seconds 
  Import took 0.004293 seconds .

========================================================================
Received Prepare
Registering precompiled user dll's ...
Registered in 0.001100 seconds.
Begin MonoManager ReloadAssembly
Native extension for OSXStandalone target not found
Refreshing native plugins compatible for Editor in 0.26 ms, found 2 plugins.
Preloading 0 native plugins for Editor in 0.00 ms.
Mono: successfully reloaded assembly
- Completed reload, in  2.504 seconds
Domain Reload Profiling:
	ReloadAssembly (2506ms)
		BeginReloadAssembly (237ms)
			ExecutionOrderSort (0ms)
			DisableScriptedObjects (30ms)
			BackupInstance (0ms)
			ReleaseScriptingObjects (0ms)
			CreateAndSetChildDomain (94ms)
		EndReloadAssembly (2171ms)
			LoadAssemblies (184ms)
			RebuildTransferFunctionScriptingTraits (0ms)
			SetupTypeCache (305ms)
			ReleaseScriptCaches (1ms)
			RebuildScriptCaches (48ms)
			SetupLoadedEditorAssemblies (1308ms)
				LogAssemblyErrors (0ms)
				InitializePlatformSupportModulesInManaged (16ms)
				SetLoadedEditorAssemblies (1ms)
				RefreshPlugins (0ms)
				BeforeProcessingInitializeOnLoad (231ms)
				ProcessInitializeOnLoadAttributes (1043ms)
				ProcessInitializeOnLoadMethodAttributes (16ms)
				AfterProcessingInitializeOnLoad (1ms)
				EditorAssembliesLoaded (1ms)
			ExecutionOrderSort2 (0ms)
			AwakeInstancesAfterBackupRestoration (43ms)
Platform modules already initialized, skipping
Refreshing native plugins compatible for Editor in 0.31 ms, found 2 plugins.
Preloading 0 native plugins for Editor in 0.00 ms.
Unloading 1391 Unused Serialized files (Serialized files now loaded: 0)
System memory in use before: 158.7 MB.
System memory in use after: 158.8 MB.

Unloading 12 unused Assets to reduce memory usage. Loaded Objects now: 1876.
Total: 2.434875 ms (FindLiveObjects: 0.192084 ms CreateObjectMapping: 0.029625 ms MarkObjects: 2.185709 ms  DeleteObjects: 0.025292 ms)

AssetImportParameters requested are different than current active one (requested -> active):
  custom:video-decoder-ogg-theora: a1e56fd34408186e4bbccfd4996cb3dc -> 
  custom:container-muxer-webm: aa71ff27fc2769a1b78a27578f13a17b -> 
  custom:container-demuxer-webm: 4f35f7cbe854078d1ac9338744f61a02 -> 
  custom:container-demuxer-ogg: 62fdf1f143b41e24485cea50d1cbac27 -> 
  custom:video-encoder-webm-vp8: eb34c28f22e8b96e1ab97ce403110664 -> 
  custom:framework-osx-AVFoundation: e770b220cccbd017edd2c1fefb359320 -> 
  custom:video-decoder-webm-vp8: 9c59270c3fd7afecdb556c50c9e8de78 -> 
  custom:audio-decoder-ogg-vorbis: bf7c407c2cedff20999df2af8eb42d56 -> 
  custom:audio-encoder-webm-vorbis: bf7c407c2cedff20999df2af8eb42d56 -> 
========================================================================
Received Import Request.
  Time since last request: 87.017620 seconds.
  path: Assets/SimpleShader.shader
  artifactKey: Guid(f4a5f813cdb64424e900fdf9d493deea) Importer(815301076,1909f56bfc062723c751e8b465ee728b)
Start importing Assets/SimpleShader.shader using Guid(f4a5f813cdb64424e900fdf9d493deea) Importer(815301076,1909f56bfc062723c751e8b465ee728b)  -> (artifact id: 'e682805f7f375b23a300a320b7b8f3bd') in 0.045692 seconds 
  Import took 0.052133 seconds .

========================================================================
Received Prepare
Registering precompiled user dll's ...
Registered in 0.001158 seconds.
Begin MonoManager ReloadAssembly
Native extension for OSXStandalone target not found
Refreshing native plugins compatible for Editor in 0.25 ms, found 2 plugins.
Preloading 0 native plugins for Editor in 0.00 ms.
Mono: successfully reloaded assembly
- Completed reload, in  2.373 seconds
Domain Reload Profiling:
	ReloadAssembly (2374ms)
		BeginReloadAssembly (252ms)
			ExecutionOrderSort (0ms)
			DisableScriptedObjects (34ms)
			BackupInstance (0ms)
			ReleaseScriptingObjects (0ms)
			CreateAndSetChildDomain (96ms)
		EndReloadAssembly (2016ms)
			LoadAssemblies (207ms)
			RebuildTransferFunctionScriptingTraits (0ms)
			SetupTypeCache (327ms)
			ReleaseScriptCaches (1ms)
			RebuildScriptCaches (49ms)
			SetupLoadedEditorAssemblies (1172ms)
				LogAssemblyErrors (0ms)
				InitializePlatformSupportModulesInManaged (14ms)
				SetLoadedEditorAssemblies (1ms)
				RefreshPlugins (0ms)
				BeforeProcessingInitializeOnLoad (229ms)
				ProcessInitializeOnLoadAttributes (912ms)
				ProcessInitializeOnLoadMethodAttributes (14ms)
				AfterProcessingInitializeOnLoad (1ms)
				EditorAssembliesLoaded (1ms)
			ExecutionOrderSort2 (0ms)
			AwakeInstancesAfterBackupRestoration (30ms)
Platform modules already initialized, skipping
Refreshing native plugins compatible for Editor in 0.25 ms, found 2 plugins.
Preloading 0 native plugins for Editor in 0.00 ms.
Unloading 1391 Unused Serialized files (Serialized files now loaded: 0)
System memory in use before: 158.9 MB.
System memory in use after: 159.0 MB.

Unloading 11 unused Assets to reduce memory usage. Loaded Objects now: 1878.
Total: 2.174541 ms (FindLiveObjects: 0.125209 ms CreateObjectMapping: 0.028042 ms MarkObjects: 1.997833 ms  DeleteObjects: 0.022250 ms)

AssetImportParameters requested are different than current active one (requested -> active):
  custom:video-decoder-ogg-theora: a1e56fd34408186e4bbccfd4996cb3dc -> 
  custom:container-muxer-webm: aa71ff27fc2769a1b78a27578f13a17b -> 
  custom:container-demuxer-webm: 4f35f7cbe854078d1ac9338744f61a02 -> 
  custom:container-demuxer-ogg: 62fdf1f143b41e24485cea50d1cbac27 -> 
  custom:video-encoder-webm-vp8: eb34c28f22e8b96e1ab97ce403110664 -> 
  custom:framework-osx-AVFoundation: e770b220cccbd017edd2c1fefb359320 -> 
  custom:video-decoder-webm-vp8: 9c59270c3fd7afecdb556c50c9e8de78 -> 
  custom:audio-decoder-ogg-vorbis: bf7c407c2cedff20999df2af8eb42d56 -> 
  custom:audio-encoder-webm-vorbis: bf7c407c2cedff20999df2af8eb42d56 -> 
========================================================================
Received Import Request.
  Time since last request: 71.457683 seconds.
  path: Assets/SimpleShader.shader
  artifactKey: Guid(f4a5f813cdb64424e900fdf9d493deea) Importer(815301076,1909f56bfc062723c751e8b465ee728b)
Start importing Assets/SimpleShader.shader using Guid(f4a5f813cdb64424e900fdf9d493deea) Importer(815301076,1909f56bfc062723c751e8b465ee728b)  -> (artifact id: '094bd11c61301381a7cb1e65f1c9ecea') in 0.028941 seconds 
  Import took 0.031200 seconds .

========================================================================
Received Import Request.
  Time since last request: 250.462050 seconds.
  path: Assets/SimpleShader.shader
  artifactKey: Guid(f4a5f813cdb64424e900fdf9d493deea) Importer(815301076,1909f56bfc062723c751e8b465ee728b)
Start importing Assets/SimpleShader.shader using Guid(f4a5f813cdb64424e900fdf9d493deea) Importer(815301076,1909f56bfc062723c751e8b465ee728b)  -> (artifact id: '19fd034cc1f1548f574a1a33adf7ae59') in 0.009922 seconds 
  Import took 0.021508 seconds .

========================================================================
Received Import Request.
  Time since last request: 10.082099 seconds.
  path: Assets/SimpleShader 1.shader
  artifactKey: Guid(01aee1fede2254e328d63bf77a37a3a6) Importer(815301076,1909f56bfc062723c751e8b465ee728b)
Start importing Assets/SimpleShader 1.shader using Guid(01aee1fede2254e328d63bf77a37a3a6) Importer(815301076,1909f56bfc062723c751e8b465ee728b)  -> (artifact id: '6c6a1e22204dc70227bdc278bfeb3351') in 0.005598 seconds 
  Import took 0.007789 seconds .

========================================================================
Received Import Request.
  Time since last request: 19.929985 seconds.
  path: Assets/SimpleShader 1.shader
  artifactKey: Guid(01aee1fede2254e328d63bf77a37a3a6) Importer(815301076,1909f56bfc062723c751e8b465ee728b)
Start importing Assets/SimpleShader 1.shader using Guid(01aee1fede2254e328d63bf77a37a3a6) Importer(815301076,1909f56bfc062723c751e8b465ee728b)  -> (artifact id: '6c0689bac9f49534b7ebb1bd3caed0eb') in 0.002589 seconds 
  Import took 0.004704 seconds .

========================================================================
Received Import Request.
  Time since last request: 1.197389 seconds.
  path: Assets/SimpleShader.shader
  artifactKey: Guid(f4a5f813cdb64424e900fdf9d493deea) Importer(815301076,1909f56bfc062723c751e8b465ee728b)
Start importing Assets/SimpleShader.shader using Guid(f4a5f813cdb64424e900fdf9d493deea) Importer(815301076,1909f56bfc062723c751e8b465ee728b)  -> (artifact id: '69919578a8c54154a596a6fe159ea327') in 0.003842 seconds 
  Import took 0.007146 seconds .

========================================================================
Received Import Request.
  Time since last request: 3.480691 seconds.
  path: Assets/SimpleShader2.shader
  artifactKey: Guid(01aee1fede2254e328d63bf77a37a3a6) Importer(815301076,1909f56bfc062723c751e8b465ee728b)
Start importing Assets/SimpleShader2.shader using Guid(01aee1fede2254e328d63bf77a37a3a6) Importer(815301076,1909f56bfc062723c751e8b465ee728b)  -> (artifact id: '1d45989675f3215a318c7efadfef4e58') in 0.002875 seconds 
  Import took 0.004968 seconds .

========================================================================
Received Import Request.
  Time since last request: 2.317554 seconds.
  path: Assets/SimpleShade.shader
  artifactKey: Guid(f4a5f813cdb64424e900fdf9d493deea) Importer(815301076,1909f56bfc062723c751e8b465ee728b)
Start importing Assets/SimpleShade.shader using Guid(f4a5f813cdb64424e900fdf9d493deea) Importer(815301076,1909f56bfc062723c751e8b465ee728b)  -> (artifact id: '554c2e4f347ef169b4d3758255765910') in 0.002457 seconds 
  Import took 0.004564 seconds .

========================================================================
Received Import Request.
  Time since last request: 3.667570 seconds.
  path: Assets/SimpleShader1.shader
  artifactKey: Guid(f4a5f813cdb64424e900fdf9d493deea) Importer(815301076,1909f56bfc062723c751e8b465ee728b)
Start importing Assets/SimpleShader1.shader using Guid(f4a5f813cdb64424e900fdf9d493deea) Importer(815301076,1909f56bfc062723c751e8b465ee728b)  -> (artifact id: '42a5c4d3dfb856bdf873dbf29bfcfb31') in 0.002416 seconds 
  Import took 0.004580 seconds .

========================================================================
Received Import Request.
  Time since last request: 0.772627 seconds.
  path: Assets/Scenes
  artifactKey: Guid(39b58c23d92ab44f68e26e30a5bf62d2) Importer(815301076,1909f56bfc062723c751e8b465ee728b)
Start importing Assets/Scenes using Guid(39b58c23d92ab44f68e26e30a5bf62d2) Importer(815301076,1909f56bfc062723c751e8b465ee728b)  -> (artifact id: '4761db5b60278205b77e803de5a7054b') in 0.001995 seconds 
  Import took 0.005452 seconds .

========================================================================
Received Import Request.
  Time since last request: 735.650423 seconds.
  path: Assets/SimpleShader2.shader
  artifactKey: Guid(01aee1fede2254e328d63bf77a37a3a6) Importer(815301076,1909f56bfc062723c751e8b465ee728b)
Start importing Assets/SimpleShader2.shader using Guid(01aee1fede2254e328d63bf77a37a3a6) Importer(815301076,1909f56bfc062723c751e8b465ee728b)  -> (artifact id: 'b6ed7e5f3b76c44ae455edf9a2a10d7b') in 0.005546 seconds 
  Import took 0.010899 seconds .

========================================================================
Received Prepare
Registering precompiled user dll's ...
Registered in 0.002355 seconds.
Begin MonoManager ReloadAssembly
Native extension for OSXStandalone target not found
Refreshing native plugins compatible for Editor in 0.25 ms, found 2 plugins.
Preloading 0 native plugins for Editor in 0.00 ms.
Mono: successfully reloaded assembly
- Completed reload, in  2.351 seconds
Domain Reload Profiling:
	ReloadAssembly (2352ms)
		BeginReloadAssembly (237ms)
			ExecutionOrderSort (0ms)
			DisableScriptedObjects (29ms)
			BackupInstance (0ms)
			ReleaseScriptingObjects (0ms)
			CreateAndSetChildDomain (97ms)
		EndReloadAssembly (2019ms)
			LoadAssemblies (192ms)
			RebuildTransferFunctionScriptingTraits (0ms)
			SetupTypeCache (305ms)
			ReleaseScriptCaches (1ms)
			RebuildScriptCaches (47ms)
			SetupLoadedEditorAssemblies (1196ms)
				LogAssemblyErrors (0ms)
				InitializePlatformSupportModulesInManaged (15ms)
				SetLoadedEditorAssemblies (2ms)
				RefreshPlugins (0ms)
				BeforeProcessingInitializeOnLoad (237ms)
				ProcessInitializeOnLoadAttributes (925ms)
				ProcessInitializeOnLoadMethodAttributes (15ms)
				AfterProcessingInitializeOnLoad (1ms)
				EditorAssembliesLoaded (0ms)
			ExecutionOrderSort2 (0ms)
			AwakeInstancesAfterBackupRestoration (35ms)
Platform modules already initialized, skipping
Refreshing native plugins compatible for Editor in 0.24 ms, found 2 plugins.
Preloading 0 native plugins for Editor in 0.00 ms.
Unloading 1392 Unused Serialized files (Serialized files now loaded: 0)
System memory in use before: 159.8 MB.
System memory in use after: 159.9 MB.

Unloading 12 unused Assets to reduce memory usage. Loaded Objects now: 1880.
Total: 2.012042 ms (FindLiveObjects: 0.104709 ms CreateObjectMapping: 0.027875 ms MarkObjects: 1.836458 ms  DeleteObjects: 0.042125 ms)

AssetImportParameters requested are different than current active one (requested -> active):
  custom:video-decoder-ogg-theora: a1e56fd34408186e4bbccfd4996cb3dc -> 
  custom:container-muxer-webm: aa71ff27fc2769a1b78a27578f13a17b -> 
  custom:container-demuxer-webm: 4f35f7cbe854078d1ac9338744f61a02 -> 
  custom:container-demuxer-ogg: 62fdf1f143b41e24485cea50d1cbac27 -> 
  custom:video-encoder-webm-vp8: eb34c28f22e8b96e1ab97ce403110664 -> 
  custom:framework-osx-AVFoundation: e770b220cccbd017edd2c1fefb359320 -> 
  custom:video-decoder-webm-vp8: 9c59270c3fd7afecdb556c50c9e8de78 -> 
  custom:audio-decoder-ogg-vorbis: bf7c407c2cedff20999df2af8eb42d56 -> 
  custom:audio-encoder-webm-vorbis: bf7c407c2cedff20999df2af8eb42d56 -> 
========================================================================
Received Import Request.
  Time since last request: 821.642860 seconds.
  path: Assets/SimpleShader2.shader
  artifactKey: Guid(01aee1fede2254e328d63bf77a37a3a6) Importer(815301076,1909f56bfc062723c751e8b465ee728b)
Start importing Assets/SimpleShader2.shader using Guid(01aee1fede2254e328d63bf77a37a3a6) Importer(815301076,1909f56bfc062723c751e8b465ee728b)  -> (artifact id: '0f1441656d8414caf30d4dda0f69e86f') in 0.054299 seconds 
  Import took 0.064927 seconds .

========================================================================
Received Import Request.
  Time since last request: 0.878277 seconds.
  path: Assets/SimpleShader2 1.shader
  artifactKey: Guid(a96e681fca7c442b783d68ae994c0f33) Importer(815301076,1909f56bfc062723c751e8b465ee728b)
Start importing Assets/SimpleShader2 1.shader using Guid(a96e681fca7c442b783d68ae994c0f33) Importer(815301076,1909f56bfc062723c751e8b465ee728b)  -> (artifact id: '8a2db97c5ef1ddafee78694b00476bd0') in 0.003390 seconds 
  Import took 0.005455 seconds .

========================================================================
Received Import Request.
  Time since last request: 6.132864 seconds.
  path: Assets/SimpleShader3.shader
  artifactKey: Guid(a96e681fca7c442b783d68ae994c0f33) Importer(815301076,1909f56bfc062723c751e8b465ee728b)
Start importing Assets/SimpleShader3.shader using Guid(a96e681fca7c442b783d68ae994c0f33) Importer(815301076,1909f56bfc062723c751e8b465ee728b)  -> (artifact id: '693e2130ce25e920011b6333f85c7a64') in 0.002804 seconds 
  Import took 0.004884 seconds .

========================================================================
Received Import Request.
  Time since last request: 7.215637 seconds.
  path: Assets/SimpleShader3.shader
  artifactKey: Guid(a96e681fca7c442b783d68ae994c0f33) Importer(815301076,1909f56bfc062723c751e8b465ee728b)
Start importing Assets/SimpleShader3.shader using Guid(a96e681fca7c442b783d68ae994c0f33) Importer(815301076,1909f56bfc062723c751e8b465ee728b)  -> (artifact id: 'cbf4162e5dcb8af8e6bd5c95daabb81e') in 0.003705 seconds 
  Import took 0.006605 seconds .

========================================================================
Received Import Request.
  Time since last request: 1006.988070 seconds.
  path: Assets/SimpleShader3.shader
  artifactKey: Guid(a96e681fca7c442b783d68ae994c0f33) Importer(815301076,1909f56bfc062723c751e8b465ee728b)
Start importing Assets/SimpleShader3.shader using Guid(a96e681fca7c442b783d68ae994c0f33) Importer(815301076,1909f56bfc062723c751e8b465ee728b)  -> (artifact id: '94e0533cef9d8e2be18a893368b7d5c1') in 0.006934 seconds 
  Import took 0.015965 seconds .

========================================================================
Received Import Request.
  Time since last request: 5.594035 seconds.
  path: Assets/SimpleShader3 1.shader
  artifactKey: Guid(398bbf2fdfea94e0ebe07d7e4d35f6ce) Importer(815301076,1909f56bfc062723c751e8b465ee728b)
Start importing Assets/SimpleShader3 1.shader using Guid(398bbf2fdfea94e0ebe07d7e4d35f6ce) Importer(815301076,1909f56bfc062723c751e8b465ee728b)  -> (artifact id: 'b683330255a25662530ab852e3c615f4') in 0.003148 seconds 
  Import took 0.005088 seconds .

========================================================================
Received Import Request.
  Time since last request: 4.070584 seconds.
  path: Assets/SimpleShader4.shader
  artifactKey: Guid(398bbf2fdfea94e0ebe07d7e4d35f6ce) Importer(815301076,1909f56bfc062723c751e8b465ee728b)
Start importing Assets/SimpleShader4.shader using Guid(398bbf2fdfea94e0ebe07d7e4d35f6ce) Importer(815301076,1909f56bfc062723c751e8b465ee728b)  -> (artifact id: '0043484beb7a6513c9cc0e2e2d74ab88') in 0.002784 seconds 
  Import took 0.004939 seconds .

========================================================================
Received Import Request.
  Time since last request: 116.847392 seconds.
  path: Assets/SimpleShader4.shader
  artifactKey: Guid(398bbf2fdfea94e0ebe07d7e4d35f6ce) Importer(815301076,1909f56bfc062723c751e8b465ee728b)
Start importing Assets/SimpleShader4.shader using Guid(398bbf2fdfea94e0ebe07d7e4d35f6ce) Importer(815301076,1909f56bfc062723c751e8b465ee728b)  -> (artifact id: 'b1c1dc1f03957e1d896983754aaa16a5') in 0.004170 seconds 
  Import took 0.006436 seconds .

========================================================================
Received Import Request.
  Time since last request: 46.200283 seconds.
  path: Assets/SimpleShader4.shader
  artifactKey: Guid(398bbf2fdfea94e0ebe07d7e4d35f6ce) Importer(815301076,1909f56bfc062723c751e8b465ee728b)
Start importing Assets/SimpleShader4.shader using Guid(398bbf2fdfea94e0ebe07d7e4d35f6ce) Importer(815301076,1909f56bfc062723c751e8b465ee728b)  -> (artifact id: 'c953a712ccb44803de77e5ade85ae5b4') in 0.002620 seconds 
  Import took 0.004783 seconds .

========================================================================
Received Import Request.
  Time since last request: 2501.133805 seconds.
  path: Assets/SimpleShader4.shader
  artifactKey: Guid(398bbf2fdfea94e0ebe07d7e4d35f6ce) Importer(815301076,1909f56bfc062723c751e8b465ee728b)
Start importing Assets/SimpleShader4.shader using Guid(398bbf2fdfea94e0ebe07d7e4d35f6ce) Importer(815301076,1909f56bfc062723c751e8b465ee728b)  -> (artifact id: 'b4d5dd9dc6ab00c90e9537ebb26ea794') in 0.011247 seconds 
  Import took 0.018407 seconds .

========================================================================
Received Import Request.
  Time since last request: 3.637006 seconds.
  path: Assets/SimpleShader4 1.shader
  artifactKey: Guid(455ab74d5d628491a8b782c9716ed655) Importer(815301076,1909f56bfc062723c751e8b465ee728b)
Start importing Assets/SimpleShader4 1.shader using Guid(455ab74d5d628491a8b782c9716ed655) Importer(815301076,1909f56bfc062723c751e8b465ee728b)  -> (artifact id: '0dc19df2e976055c051cf79687516220') in 0.003240 seconds 
  Import took 0.005517 seconds .

========================================================================
Received Import Request.
  Time since last request: 3.718496 seconds.
  path: Assets/SimpleShader5.shader
  artifactKey: Guid(455ab74d5d628491a8b782c9716ed655) Importer(815301076,1909f56bfc062723c751e8b465ee728b)
Start importing Assets/SimpleShader5.shader using Guid(455ab74d5d628491a8b782c9716ed655) Importer(815301076,1909f56bfc062723c751e8b465ee728b)  -> (artifact id: '33756df461686e40cea05c36d2131802') in 0.003284 seconds 
  Import took 0.005878 seconds .

========================================================================
Received Import Request.
  Time since last request: 38.797062 seconds.
  path: Assets/SimpleShader5.shader
  artifactKey: Guid(455ab74d5d628491a8b782c9716ed655) Importer(815301076,1909f56bfc062723c751e8b465ee728b)
Start importing Assets/SimpleShader5.shader using Guid(455ab74d5d628491a8b782c9716ed655) Importer(815301076,1909f56bfc062723c751e8b465ee728b)  -> (artifact id: 'da09193b5e53207c9c2ce9fa22f6a0c7') in 0.002899 seconds 
  Import took 0.005694 seconds .

========================================================================
Received Import Request.
  Time since last request: 163.160217 seconds.
  path: Assets/SimpleShader5.shader
  artifactKey: Guid(455ab74d5d628491a8b782c9716ed655) Importer(815301076,1909f56bfc062723c751e8b465ee728b)
Start importing Assets/SimpleShader5.shader using Guid(455ab74d5d628491a8b782c9716ed655) Importer(815301076,1909f56bfc062723c751e8b465ee728b)  -> (artifact id: '5b469dc8138d900365a0e5b3809152ec') in 0.002432 seconds 
  Import took 0.004631 seconds .

========================================================================
Received Import Request.
  Time since last request: 2598.437840 seconds.
  path: Assets/SimpleShader5.shader
  artifactKey: Guid(455ab74d5d628491a8b782c9716ed655) Importer(815301076,1909f56bfc062723c751e8b465ee728b)
Start importing Assets/SimpleShader5.shader using Guid(455ab74d5d628491a8b782c9716ed655) Importer(815301076,1909f56bfc062723c751e8b465ee728b)  -> (artifact id: '9150b7673a3d27944d8674977d50d297') in 0.009381 seconds 
  Import took 0.018272 seconds .

